2014-02-09 18:01:49 - PHP Notice:  Undefined variable: product_total in Z:\home\ocStore\www\catalog\controller\module\category.php on line 74
2014-02-09 18:01:49 - PHP Notice:  Undefined variable: product_total in Z:\home\ocStore\www\catalog\controller\module\category.php on line 74
2014-02-09 18:01:49 - PHP Notice:  Undefined variable: product_total in Z:\home\ocStore\www\catalog\controller\module\category.php on line 74
2014-02-09 18:01:49 - PHP Notice:  Undefined variable: product_total in Z:\home\ocStore\www\catalog\controller\module\category.php on line 74
2014-02-09 18:01:49 - PHP Notice:  Undefined variable: product_total in Z:\home\ocStore\www\catalog\controller\module\category.php on line 74
2014-02-09 18:01:49 - PHP Notice:  Undefined variable: product_total in Z:\home\ocStore\www\catalog\controller\module\category.php on line 74
2014-02-09 18:01:49 - PHP Notice:  Undefined variable: product_total in Z:\home\ocStore\www\catalog\controller\module\category.php on line 74
2014-02-09 18:01:49 - PHP Notice:  Undefined variable: product_total in Z:\home\ocStore\www\catalog\controller\module\category.php on line 74
2014-02-09 18:01:49 - PHP Notice:  Undefined variable: product_total in Z:\home\ocStore\www\catalog\controller\module\category.php on line 74
2014-02-09 18:01:49 - PHP Notice:  Undefined variable: product_total in Z:\home\ocStore\www\catalog\controller\module\category.php on line 74
2014-02-09 18:01:49 - PHP Notice:  Undefined variable: product_total in Z:\home\ocStore\www\catalog\controller\module\category.php on line 74
2014-02-09 18:01:49 - PHP Notice:  Undefined variable: product_total in Z:\home\ocStore\www\catalog\controller\module\category.php on line 74
2014-02-09 18:01:49 - PHP Notice:  Undefined variable: product_total in Z:\home\ocStore\www\catalog\controller\module\category.php on line 74
2014-02-09 18:01:49 - PHP Notice:  Undefined variable: product_total in Z:\home\ocStore\www\catalog\controller\module\category.php on line 74
2014-02-09 18:01:49 - PHP Notice:  Undefined variable: product_total in Z:\home\ocStore\www\catalog\controller\module\category.php on line 74
2014-02-09 18:01:49 - PHP Notice:  Undefined variable: product_total in Z:\home\ocStore\www\catalog\controller\module\category.php on line 74
2014-02-09 18:01:49 - PHP Notice:  Undefined variable: product_total in Z:\home\ocStore\www\catalog\controller\module\category.php on line 74
2014-02-09 18:01:49 - PHP Notice:  Undefined variable: product_total in Z:\home\ocStore\www\catalog\controller\module\category.php on line 74
2014-02-09 18:01:49 - PHP Notice:  Undefined variable: product_total in Z:\home\ocStore\www\catalog\controller\module\category.php on line 74
2014-02-09 18:01:49 - PHP Notice:  Undefined variable: product_total in Z:\home\ocStore\www\catalog\controller\module\category.php on line 74
2014-02-09 18:01:49 - PHP Notice:  Undefined variable: product_total in Z:\home\ocStore\www\catalog\controller\module\category.php on line 74
2014-02-09 18:01:49 - PHP Notice:  Undefined variable: product_total in Z:\home\ocStore\www\catalog\controller\module\category.php on line 74
2014-02-09 18:01:49 - PHP Notice:  Undefined variable: product_total in Z:\home\ocStore\www\catalog\controller\module\category.php on line 74
2014-02-09 18:01:49 - PHP Notice:  Undefined variable: product_total in Z:\home\ocStore\www\catalog\controller\module\category.php on line 74
2014-02-09 18:01:49 - PHP Notice:  Undefined variable: product_total in Z:\home\ocStore\www\catalog\controller\module\category.php on line 74
2014-02-09 18:01:49 - PHP Notice:  Undefined variable: product_total in Z:\home\ocStore\www\catalog\controller\module\category.php on line 74
2014-02-09 18:01:49 - PHP Notice:  Undefined variable: product_total in Z:\home\ocStore\www\catalog\controller\module\category.php on line 74
2014-02-09 18:06:11 - PHP Notice:  Undefined variable: product_total in Z:\home\ocStore\www\catalog\controller\module\category.php on line 74
2014-02-09 18:06:11 - PHP Notice:  Undefined variable: product_total in Z:\home\ocStore\www\catalog\controller\module\category.php on line 74
2014-02-09 18:06:11 - PHP Notice:  Undefined variable: product_total in Z:\home\ocStore\www\catalog\controller\module\category.php on line 74
2014-02-09 18:06:11 - PHP Notice:  Undefined variable: product_total in Z:\home\ocStore\www\catalog\controller\module\category.php on line 74
2014-02-09 18:06:11 - PHP Notice:  Undefined variable: product_total in Z:\home\ocStore\www\catalog\controller\module\category.php on line 74
2014-02-09 18:06:11 - PHP Notice:  Undefined variable: product_total in Z:\home\ocStore\www\catalog\controller\module\category.php on line 74
2014-02-09 18:06:11 - PHP Notice:  Undefined variable: product_total in Z:\home\ocStore\www\catalog\controller\module\category.php on line 74
2014-02-09 18:06:11 - PHP Notice:  Undefined variable: product_total in Z:\home\ocStore\www\catalog\controller\module\category.php on line 74
2014-02-09 18:06:11 - PHP Notice:  Undefined variable: product_total in Z:\home\ocStore\www\catalog\controller\module\category.php on line 74
2014-02-09 18:06:11 - PHP Notice:  Undefined variable: product_total in Z:\home\ocStore\www\catalog\controller\module\category.php on line 74
2014-02-09 18:06:11 - PHP Notice:  Undefined variable: product_total in Z:\home\ocStore\www\catalog\controller\module\category.php on line 74
2014-02-09 18:06:11 - PHP Notice:  Undefined variable: product_total in Z:\home\ocStore\www\catalog\controller\module\category.php on line 74
2014-02-09 18:06:11 - PHP Notice:  Undefined variable: product_total in Z:\home\ocStore\www\catalog\controller\module\category.php on line 74
2014-02-09 18:06:11 - PHP Notice:  Undefined variable: product_total in Z:\home\ocStore\www\catalog\controller\module\category.php on line 74
2014-02-09 18:06:11 - PHP Notice:  Undefined variable: product_total in Z:\home\ocStore\www\catalog\controller\module\category.php on line 74
2014-02-09 18:06:11 - PHP Notice:  Undefined variable: product_total in Z:\home\ocStore\www\catalog\controller\module\category.php on line 74
2014-02-09 18:06:11 - PHP Notice:  Undefined variable: product_total in Z:\home\ocStore\www\catalog\controller\module\category.php on line 74
2014-02-09 18:06:11 - PHP Notice:  Undefined variable: product_total in Z:\home\ocStore\www\catalog\controller\module\category.php on line 74
2014-02-09 18:06:12 - PHP Notice:  Undefined variable: product_total in Z:\home\ocStore\www\catalog\controller\module\category.php on line 74
2014-02-09 18:06:12 - PHP Notice:  Undefined variable: product_total in Z:\home\ocStore\www\catalog\controller\module\category.php on line 74
2014-02-09 18:06:12 - PHP Notice:  Undefined variable: product_total in Z:\home\ocStore\www\catalog\controller\module\category.php on line 74
2014-02-09 18:06:12 - PHP Notice:  Undefined variable: product_total in Z:\home\ocStore\www\catalog\controller\module\category.php on line 74
2014-02-09 18:06:12 - PHP Notice:  Undefined variable: product_total in Z:\home\ocStore\www\catalog\controller\module\category.php on line 74
2014-02-09 18:06:12 - PHP Notice:  Undefined variable: product_total in Z:\home\ocStore\www\catalog\controller\module\category.php on line 74
2014-02-09 18:06:12 - PHP Notice:  Undefined variable: product_total in Z:\home\ocStore\www\catalog\controller\module\category.php on line 74
2014-02-09 18:06:12 - PHP Notice:  Undefined variable: product_total in Z:\home\ocStore\www\catalog\controller\module\category.php on line 74
2014-02-09 18:06:12 - PHP Notice:  Undefined variable: product_total in Z:\home\ocStore\www\catalog\controller\module\category.php on line 74
2014-02-09 18:41:41 - PHP Notice:  Use of undefined constant php - assumed 'php' in Z:\home\ocStore\www\catalog\view\theme\default\template\common\header.tpl on line 93
2014-02-09 18:41:41 - PHP Notice:  Undefined variable: category in Z:\home\ocStore\www\catalog\view\theme\default\template\common\header.tpl on line 94
2014-02-09 18:41:41 - PHP Notice:  Undefined variable: category in Z:\home\ocStore\www\catalog\view\theme\default\template\common\header.tpl on line 94
2014-02-09 18:41:41 - PHP Notice:  Undefined variable: category in Z:\home\ocStore\www\catalog\view\theme\default\template\common\header.tpl on line 95
2014-02-09 18:42:28 - PHP Notice:  Use of undefined constant php - assumed 'php' in Z:\home\ocStore\www\catalog\view\theme\default\template\common\header.tpl on line 93
2014-02-09 18:42:28 - PHP Notice:  Undefined variable: category in Z:\home\ocStore\www\catalog\view\theme\default\template\common\header.tpl on line 94
2014-02-09 18:42:28 - PHP Notice:  Undefined variable: category in Z:\home\ocStore\www\catalog\view\theme\default\template\common\header.tpl on line 94
2014-02-09 18:42:28 - PHP Notice:  Undefined variable: category in Z:\home\ocStore\www\catalog\view\theme\default\template\common\header.tpl on line 95
2014-02-09 19:25:18 - PHP Notice:  Undefined variable: latest in Z:\home\ocStore\www\catalog\view\theme\default\template\common\header.tpl on line 123
2014-02-09 19:25:21 - PHP Notice:  Undefined variable: latest in Z:\home\ocStore\www\catalog\view\theme\default\template\common\header.tpl on line 123
2014-02-09 19:25:28 - PHP Notice:  Undefined variable: latest in Z:\home\ocStore\www\catalog\view\theme\default\template\common\header.tpl on line 123
2014-02-09 19:37:57 - PHP Notice:  Undefined variable: special in Z:\home\ocStore\www\catalog\view\theme\default\template\common\header.tpl on line 124
2014-02-09 19:38:03 - PHP Notice:  Undefined variable: special in Z:\home\ocStore\www\catalog\view\theme\default\template\common\header.tpl on line 124
2014-02-09 22:40:54 - PHP Notice:  Undefined index: code in Z:\home\ocStore\www\catalog\view\theme\default\template\checkout\payment_method.tpl on line 9
2014-02-09 22:40:54 - PHP Notice:  Undefined index: code in Z:\home\ocStore\www\catalog\view\theme\default\template\checkout\payment_method.tpl on line 10
2014-02-09 22:40:54 - PHP Notice:  Undefined index: code in Z:\home\ocStore\www\catalog\view\theme\default\template\checkout\payment_method.tpl on line 11
2014-02-09 22:40:54 - PHP Notice:  Undefined index: code in Z:\home\ocStore\www\catalog\view\theme\default\template\checkout\payment_method.tpl on line 11
2014-02-09 22:40:54 - PHP Notice:  Undefined index: code in Z:\home\ocStore\www\catalog\view\theme\default\template\checkout\payment_method.tpl on line 15
2014-02-09 23:28:19 - PHP Notice:  Undefined index: title in Z:\home\ocStore\www\catalog\controller\checkout\shipping_method.php on line 30
2014-02-09 23:30:12 - PHP Notice:  Use of undefined constant php - assumed 'php' in Z:\home\ocStore\www\catalog\view\theme\default\template\checkout\shipping_method.tpl on line 5
2014-02-09 23:47:20 - PHP Notice:  Error: Table 'ocstore.oc_product_tag' doesn't exist<br />Error No: 1146<br />SELECT   p.product_id,  pd.name,  GROUP_CONCAT( DISTINCT CAST(pc.category_id AS CHAR(11)) SEPARATOR "," ) AS categories,  p.sku,  p.upc,  p.location,  p.quantity,  p.model,  m.name AS manufacturer,  p.image AS image_name,  p.shipping,  p.price,  p.points,  p.date_added,  p.date_modified,  p.date_available,  p.weight,  wc.unit,  p.length,  p.width,  p.height,  p.status,  p.tax_class_id,  p.viewed,  p.sort_order,  pd.language_id,  ua.keyword,  pd.description,   pd.meta_description,   pd.meta_keyword,   p.stock_status_id,   mc.unit AS length_unit,   p.subtract,   p.minimum,   GROUP_CONCAT( DISTINCT CAST(pr.related_id AS CHAR(11)) SEPARATOR "," ) AS related,   GROUP_CONCAT( DISTINCT pt.tag SEPARATOR "," ) AS tags FROM `oc_product` p LEFT JOIN `oc_product_description` pd ON p.product_id=pd.product_id   AND pd.language_id=1 LEFT JOIN `oc_product_to_category` pc ON p.product_id=pc.product_id LEFT JOIN `oc_url_alias` ua ON ua.query=CONCAT('product_id=',p.product_id) LEFT JOIN `oc_manufacturer` m ON m.manufacturer_id = p.manufacturer_id LEFT JOIN `oc_weight_class_description` wc ON wc.weight_class_id = p.weight_class_id   AND wc.language_id=1 LEFT JOIN `oc_length_class_description` mc ON mc.length_class_id=p.length_class_id   AND mc.language_id=1 LEFT JOIN `oc_product_related` pr ON pr.product_id=p.product_id LEFT JOIN `oc_product_tag` pt ON pt.product_id=p.product_id   AND pt.language_id=1 GROUP BY p.product_id ORDER BY p.product_id, pc.category_id;  in Z:\home\ocStore\www\system\database\mysql.php on line 50
2014-02-10 0:11:15 - PHP Notice:  Undefined variable: title in Z:\home\ocStore\www\admin\view\template\common\header.tpl on line 5
2014-02-10 0:11:15 - PHP Notice:  Undefined variable: links in Z:\home\ocStore\www\admin\view\template\common\header.tpl on line 7
2014-02-10 0:11:15 - PHP Warning:  Invalid argument supplied for foreach() in Z:\home\ocStore\www\admin\view\template\common\header.tpl on line 7
2014-02-10 0:11:15 - PHP Notice:  Undefined variable: styles in Z:\home\ocStore\www\admin\view\template\common\header.tpl on line 12
2014-02-10 0:11:15 - PHP Warning:  Invalid argument supplied for foreach() in Z:\home\ocStore\www\admin\view\template\common\header.tpl on line 12
2014-02-10 0:11:15 - PHP Notice:  Undefined variable: scripts in Z:\home\ocStore\www\admin\view\template\common\header.tpl on line 19
2014-02-10 0:11:15 - PHP Warning:  Invalid argument supplied for foreach() in Z:\home\ocStore\www\admin\view\template\common\header.tpl on line 19
2014-02-10 0:11:15 - PHP Notice:  Undefined variable: breadcrumbs in Z:\home\ocStore\www\admin\view\template\common\header.tpl on line 220
2014-02-10 0:11:23 - PHP Notice:  Undefined variable: title in Z:\home\ocStore\www\admin\view\template\common\header.tpl on line 5
2014-02-10 0:11:23 - PHP Notice:  Undefined variable: links in Z:\home\ocStore\www\admin\view\template\common\header.tpl on line 7
2014-02-10 0:11:23 - PHP Warning:  Invalid argument supplied for foreach() in Z:\home\ocStore\www\admin\view\template\common\header.tpl on line 7
2014-02-10 0:11:23 - PHP Notice:  Undefined variable: styles in Z:\home\ocStore\www\admin\view\template\common\header.tpl on line 12
2014-02-10 0:11:23 - PHP Warning:  Invalid argument supplied for foreach() in Z:\home\ocStore\www\admin\view\template\common\header.tpl on line 12
2014-02-10 0:11:23 - PHP Notice:  Undefined variable: scripts in Z:\home\ocStore\www\admin\view\template\common\header.tpl on line 19
2014-02-10 0:11:23 - PHP Warning:  Invalid argument supplied for foreach() in Z:\home\ocStore\www\admin\view\template\common\header.tpl on line 19
2014-02-10 0:11:23 - PHP Notice:  Undefined variable: breadcrumbs in Z:\home\ocStore\www\admin\view\template\common\header.tpl on line 220
2014-02-10 0:11:40 - PHP Notice:  Undefined property: Document::$breadcrumbs in Z:\home\ocStore\www\admin\controller\common\header.php on line 15
2014-02-10 0:11:40 - PHP Notice:  Undefined variable: title in Z:\home\ocStore\www\admin\view\template\common\header.tpl on line 5
2014-02-10 0:11:40 - PHP Notice:  Undefined variable: links in Z:\home\ocStore\www\admin\view\template\common\header.tpl on line 7
2014-02-10 0:11:40 - PHP Warning:  Invalid argument supplied for foreach() in Z:\home\ocStore\www\admin\view\template\common\header.tpl on line 7
2014-02-10 0:11:40 - PHP Notice:  Undefined variable: styles in Z:\home\ocStore\www\admin\view\template\common\header.tpl on line 12
2014-02-10 0:11:40 - PHP Warning:  Invalid argument supplied for foreach() in Z:\home\ocStore\www\admin\view\template\common\header.tpl on line 12
2014-02-10 0:11:40 - PHP Notice:  Undefined variable: scripts in Z:\home\ocStore\www\admin\view\template\common\header.tpl on line 19
2014-02-10 0:11:40 - PHP Warning:  Invalid argument supplied for foreach() in Z:\home\ocStore\www\admin\view\template\common\header.tpl on line 19
2014-02-10 0:33:27 - PHP Notice:  Undefined variable: text_select_all in Z:\home\ocStore\www\admin\view\template\common\header.tpl on line 52
2014-02-10 0:33:27 - PHP Notice:  Undefined variable: text_unselect_all in Z:\home\ocStore\www\admin\view\template\common\header.tpl on line 52
2014-02-10 0:33:27 - PHP Notice:  Undefined variable: breadcrumbs in Z:\home\ocStore\www\admin\view\template\common\header.tpl on line 220
2014-02-10 0:33:41 - PHP Notice:  Undefined variable: text_select_all in Z:\home\ocStore\www\admin\view\template\common\header.tpl on line 52
2014-02-10 0:33:41 - PHP Notice:  Undefined variable: text_unselect_all in Z:\home\ocStore\www\admin\view\template\common\header.tpl on line 52
2014-02-10 0:33:41 - PHP Notice:  Undefined variable: breadcrumbs in Z:\home\ocStore\www\admin\view\template\common\header.tpl on line 220
2014-02-10 0:33:44 - PHP Notice:  Undefined variable: text_select_all in Z:\home\ocStore\www\admin\view\template\common\header.tpl on line 52
2014-02-10 0:33:44 - PHP Notice:  Undefined variable: text_unselect_all in Z:\home\ocStore\www\admin\view\template\common\header.tpl on line 52
2014-02-10 0:33:44 - PHP Notice:  Undefined variable: breadcrumbs in Z:\home\ocStore\www\admin\view\template\common\header.tpl on line 220
2014-02-10 0:42:45 - PHP Notice:  Error: Table 'ocstore.oc_category_option_to_category' doesn't exist<br />Error No: 1146<br />SELECT * FROM `oc_category_option_to_category` WHERE category_id='59' in Z:\home\ocStore\www\system\database\mysql.php on line 50
2014-02-10 0:49:03 - PHP Notice:  Error: Table 'ocstore.oc_product_tag' doesn't exist<br />Error No: 1146<br />SELECT   p.product_id,  pd.name,  GROUP_CONCAT( DISTINCT CAST(pc.category_id AS CHAR(11)) SEPARATOR "," ) AS categories,  p.sku,  p.upc,  p.location,  p.quantity,  p.model,  m.name AS manufacturer,  p.image AS image_name,  p.shipping,  p.price,  p.points,  p.date_added,  p.date_modified,  p.date_available,  p.weight,  wc.unit,  p.length,  p.width,  p.height,  p.status,  p.tax_class_id,  p.viewed,  p.sort_order,  pd.language_id,  ua.keyword,  pd.description,   pd.meta_description,   pd.meta_keyword,   p.stock_status_id,   mc.unit AS length_unit,   p.subtract,   p.minimum,   GROUP_CONCAT( DISTINCT CAST(pr.related_id AS CHAR(11)) SEPARATOR "," ) AS related,   GROUP_CONCAT( DISTINCT pt.tag SEPARATOR "," ) AS tags FROM `oc_product` p LEFT JOIN `oc_product_description` pd ON p.product_id=pd.product_id   AND pd.language_id=1 LEFT JOIN `oc_product_to_category` pc ON p.product_id=pc.product_id LEFT JOIN `oc_url_alias` ua ON ua.query=CONCAT('product_id=',p.product_id) LEFT JOIN `oc_manufacturer` m ON m.manufacturer_id = p.manufacturer_id LEFT JOIN `oc_weight_class_description` wc ON wc.weight_class_id = p.weight_class_id   AND wc.language_id=1 LEFT JOIN `oc_length_class_description` mc ON mc.length_class_id=p.length_class_id   AND mc.language_id=1 LEFT JOIN `oc_product_related` pr ON pr.product_id=p.product_id LEFT JOIN `oc_product_tag` pt ON pt.product_id=p.product_id   AND pt.language_id=1 GROUP BY p.product_id ORDER BY p.product_id, pc.category_id;  in Z:\home\ocStore\www\system\database\mysql.php on line 50
2014-02-10 0:49:21 - PHP Notice:  Error: Table 'ocstore.oc_product_tag' doesn't exist<br />Error No: 1146<br />SELECT   p.product_id,  pd.name,  GROUP_CONCAT( DISTINCT CAST(pc.category_id AS CHAR(11)) SEPARATOR "," ) AS categories,  p.sku,  p.upc,  p.location,  p.quantity,  p.model,  m.name AS manufacturer,  p.image AS image_name,  p.shipping,  p.price,  p.points,  p.date_added,  p.date_modified,  p.date_available,  p.weight,  wc.unit,  p.length,  p.width,  p.height,  p.status,  p.tax_class_id,  p.viewed,  p.sort_order,  pd.language_id,  ua.keyword,  pd.description,   pd.meta_description,   pd.meta_keyword,   p.stock_status_id,   mc.unit AS length_unit,   p.subtract,   p.minimum,   GROUP_CONCAT( DISTINCT CAST(pr.related_id AS CHAR(11)) SEPARATOR "," ) AS related,   GROUP_CONCAT( DISTINCT pt.tag SEPARATOR "," ) AS tags FROM `oc_product` p LEFT JOIN `oc_product_description` pd ON p.product_id=pd.product_id   AND pd.language_id=1 LEFT JOIN `oc_product_to_category` pc ON p.product_id=pc.product_id LEFT JOIN `oc_url_alias` ua ON ua.query=CONCAT('product_id=',p.product_id) LEFT JOIN `oc_manufacturer` m ON m.manufacturer_id = p.manufacturer_id LEFT JOIN `oc_weight_class_description` wc ON wc.weight_class_id = p.weight_class_id   AND wc.language_id=1 LEFT JOIN `oc_length_class_description` mc ON mc.length_class_id=p.length_class_id   AND mc.language_id=1 LEFT JOIN `oc_product_related` pr ON pr.product_id=p.product_id LEFT JOIN `oc_product_tag` pt ON pt.product_id=p.product_id   AND pt.language_id=1 GROUP BY p.product_id ORDER BY p.product_id, pc.category_id;  in Z:\home\ocStore\www\system\database\mysql.php on line 50
