---------- Date: 2014-02-19 11:34:25 ~ IP : 94.143.246.47 ----------
REQUEST URI : /index.php?route=common/home
MOD DETAILS:
   modFile   : /var/www/u8950171/data/www/0-44.ru/vqmod/xml/coin-slider.xml
   id        : Coin Slider Module - OpenCart 1.5.3 core file modifications
   version   : 1.5.3
   vqmver    : 2.2.2
   author    : Aleksandr
VQModObject::parseMods - Could not resolve path for [admin/controller/common/header.php] (SKIPPED)
VQModObject::parseMods - Could not resolve path for [admin/view/template/common/header.tpl] (SKIPPED)
MOD DETAILS:
   modFile   : /var/www/u8950171/data/www/0-44.ru/vqmod/xml/export.xml
   id        : Export/Import Tool - OpenCart 1.5.5.x core file modifications
   version   : 1.5.5.x
   vqmver    : 1.1.0
   author    : JNeuhoff
VQModObject::parseMods - Could not resolve path for [admin/controller/common/header.php] (SKIPPED)
VQModObject::parseMods - Could not resolve path for [admin/language/english/common/header.php] (SKIPPED)
VQModObject::parseMods - Could not resolve path for [admin/view/template/common/header.tpl] (SKIPPED)

MOD DETAILS:
   modFile   : /var/www/u8950171/data/www/0-44.ru/vqmod/xml/oc_smsc.xml
   id        : SMSC.RU v2.7
   version   : 1.5.3.1
   vqmver    : 2.1.6
   author    : SMSC.RU
VQModObject::parseMods - Could not resolve path for [admin/controller/sale/order.php] (SKIPPED)

----------------------------------------------------------------------


---------- Date: 2014-02-19 11:43:41 ~ IP : 94.143.246.47 ----------
REQUEST URI : /index.php?route=product/product&amp;product_id=42248
MOD DETAILS:
   modFile   : /var/www/u8950171/data/www/0-44.ru/vqmod/xml/coin-slider.xml
   id        : Coin Slider Module - OpenCart 1.5.3 core file modifications
   version   : 1.5.3
   vqmver    : 2.2.2
   author    : Aleksandr
VQModObject::parseMods - Could not resolve path for [admin/controller/common/header.php] (SKIPPED)
VQModObject::parseMods - Could not resolve path for [admin/view/template/common/header.tpl] (SKIPPED)
MOD DETAILS:
   modFile   : /var/www/u8950171/data/www/0-44.ru/vqmod/xml/export.xml
   id        : Export/Import Tool - OpenCart 1.5.5.x core file modifications
   version   : 1.5.5.x
   vqmver    : 1.1.0
   author    : JNeuhoff
VQModObject::parseMods - Could not resolve path for [admin/controller/common/header.php] (SKIPPED)
VQModObject::parseMods - Could not resolve path for [admin/language/english/common/header.php] (SKIPPED)
VQModObject::parseMods - Could not resolve path for [admin/view/template/common/header.tpl] (SKIPPED)

MOD DETAILS:
   modFile   : /var/www/u8950171/data/www/0-44.ru/vqmod/xml/oc_smsc.xml
   id        : SMSC.RU v2.7
   version   : 1.5.3.1
   vqmver    : 2.1.6
   author    : SMSC.RU
VQModObject::parseMods - Could not resolve path for [admin/controller/sale/order.php] (SKIPPED)

----------------------------------------------------------------------


---------- Date: 2014-02-19 11:44:27 ~ IP : 94.143.246.47 ----------
REQUEST URI : /index.php?route=product/product&amp;product_id=42248
MOD DETAILS:
   modFile   : /var/www/u8950171/data/www/0-44.ru/vqmod/xml/coin-slider.xml
   id        : Coin Slider Module - OpenCart 1.5.3 core file modifications
   version   : 1.5.3
   vqmver    : 2.2.2
   author    : Aleksandr
VQModObject::parseMods - Could not resolve path for [admin/controller/common/header.php] (SKIPPED)
VQModObject::parseMods - Could not resolve path for [admin/view/template/common/header.tpl] (SKIPPED)
MOD DETAILS:
   modFile   : /var/www/u8950171/data/www/0-44.ru/vqmod/xml/export.xml
   id        : Export/Import Tool - OpenCart 1.5.5.x core file modifications
   version   : 1.5.5.x
   vqmver    : 1.1.0
   author    : JNeuhoff
VQModObject::parseMods - Could not resolve path for [admin/controller/common/header.php] (SKIPPED)
VQModObject::parseMods - Could not resolve path for [admin/language/english/common/header.php] (SKIPPED)
VQModObject::parseMods - Could not resolve path for [admin/view/template/common/header.tpl] (SKIPPED)

MOD DETAILS:
   modFile   : /var/www/u8950171/data/www/0-44.ru/vqmod/xml/oc_smsc.xml
   id        : SMSC.RU v2.7
   version   : 1.5.3.1
   vqmver    : 2.1.6
   author    : SMSC.RU
VQModObject::parseMods - Could not resolve path for [admin/controller/sale/order.php] (SKIPPED)

----------------------------------------------------------------------


---------- Date: 2014-02-19 11:47:15 ~ IP : 94.143.246.47 ----------
REQUEST URI : /index.php?route=product/product&amp;product_id=42248
MOD DETAILS:
   modFile   : /var/www/u8950171/data/www/0-44.ru/vqmod/xml/coin-slider.xml
   id        : Coin Slider Module - OpenCart 1.5.3 core file modifications
   version   : 1.5.3
   vqmver    : 2.2.2
   author    : Aleksandr
VQModObject::parseMods - Could not resolve path for [admin/controller/common/header.php] (SKIPPED)
VQModObject::parseMods - Could not resolve path for [admin/view/template/common/header.tpl] (SKIPPED)
MOD DETAILS:
   modFile   : /var/www/u8950171/data/www/0-44.ru/vqmod/xml/export.xml
   id        : Export/Import Tool - OpenCart 1.5.5.x core file modifications
   version   : 1.5.5.x
   vqmver    : 1.1.0
   author    : JNeuhoff
VQModObject::parseMods - Could not resolve path for [admin/controller/common/header.php] (SKIPPED)
VQModObject::parseMods - Could not resolve path for [admin/language/english/common/header.php] (SKIPPED)
VQModObject::parseMods - Could not resolve path for [admin/view/template/common/header.tpl] (SKIPPED)

MOD DETAILS:
   modFile   : /var/www/u8950171/data/www/0-44.ru/vqmod/xml/oc_smsc.xml
   id        : SMSC.RU v2.7
   version   : 1.5.3.1
   vqmver    : 2.1.6
   author    : SMSC.RU
VQModObject::parseMods - Could not resolve path for [admin/controller/sale/order.php] (SKIPPED)

----------------------------------------------------------------------


---------- Date: 2014-02-19 11:49:02 ~ IP : 94.143.246.47 ----------
REQUEST URI : /index.php?route=product/product&amp;product_id=42248
MOD DETAILS:
   modFile   : /var/www/u8950171/data/www/0-44.ru/vqmod/xml/coin-slider.xml
   id        : Coin Slider Module - OpenCart 1.5.3 core file modifications
   version   : 1.5.3
   vqmver    : 2.2.2
   author    : Aleksandr
VQModObject::parseMods - Could not resolve path for [admin/controller/common/header.php] (SKIPPED)
VQModObject::parseMods - Could not resolve path for [admin/view/template/common/header.tpl] (SKIPPED)
MOD DETAILS:
   modFile   : /var/www/u8950171/data/www/0-44.ru/vqmod/xml/export.xml
   id        : Export/Import Tool - OpenCart 1.5.5.x core file modifications
   version   : 1.5.5.x
   vqmver    : 1.1.0
   author    : JNeuhoff
VQModObject::parseMods - Could not resolve path for [admin/controller/common/header.php] (SKIPPED)
VQModObject::parseMods - Could not resolve path for [admin/language/english/common/header.php] (SKIPPED)
VQModObject::parseMods - Could not resolve path for [admin/view/template/common/header.tpl] (SKIPPED)

MOD DETAILS:
   modFile   : /var/www/u8950171/data/www/0-44.ru/vqmod/xml/oc_smsc.xml
   id        : SMSC.RU v2.7
   version   : 1.5.3.1
   vqmver    : 2.1.6
   author    : SMSC.RU
VQModObject::parseMods - Could not resolve path for [admin/controller/sale/order.php] (SKIPPED)

----------------------------------------------------------------------


---------- Date: 2014-02-19 12:01:47 ~ IP : 94.143.246.47 ----------
REQUEST URI : /index.php?route=product/product&amp;product_id=42248
MOD DETAILS:
   modFile   : /var/www/u8950171/data/www/0-44.ru/vqmod/xml/coin-slider.xml
   id        : Coin Slider Module - OpenCart 1.5.3 core file modifications
   version   : 1.5.3
   vqmver    : 2.2.2
   author    : Aleksandr
VQModObject::parseMods - Could not resolve path for [admin/controller/common/header.php] (SKIPPED)
VQModObject::parseMods - Could not resolve path for [admin/view/template/common/header.tpl] (SKIPPED)
MOD DETAILS:
   modFile   : /var/www/u8950171/data/www/0-44.ru/vqmod/xml/export.xml
   id        : Export/Import Tool - OpenCart 1.5.5.x core file modifications
   version   : 1.5.5.x
   vqmver    : 1.1.0
   author    : JNeuhoff
VQModObject::parseMods - Could not resolve path for [admin/controller/common/header.php] (SKIPPED)
VQModObject::parseMods - Could not resolve path for [admin/language/english/common/header.php] (SKIPPED)
VQModObject::parseMods - Could not resolve path for [admin/view/template/common/header.tpl] (SKIPPED)

MOD DETAILS:
   modFile   : /var/www/u8950171/data/www/0-44.ru/vqmod/xml/oc_smsc.xml
   id        : SMSC.RU v2.7
   version   : 1.5.3.1
   vqmver    : 2.1.6
   author    : SMSC.RU
VQModObject::parseMods - Could not resolve path for [admin/controller/sale/order.php] (SKIPPED)

----------------------------------------------------------------------


---------- Date: 2014-02-19 12:06:45 ~ IP : 94.143.246.47 ----------
REQUEST URI : /index.php?route=product/product&amp;product_id=42248
MOD DETAILS:
   modFile   : /var/www/u8950171/data/www/0-44.ru/vqmod/xml/coin-slider.xml
   id        : Coin Slider Module - OpenCart 1.5.3 core file modifications
   version   : 1.5.3
   vqmver    : 2.2.2
   author    : Aleksandr
VQModObject::parseMods - Could not resolve path for [admin/controller/common/header.php] (SKIPPED)
VQModObject::parseMods - Could not resolve path for [admin/view/template/common/header.tpl] (SKIPPED)
MOD DETAILS:
   modFile   : /var/www/u8950171/data/www/0-44.ru/vqmod/xml/export.xml
   id        : Export/Import Tool - OpenCart 1.5.5.x core file modifications
   version   : 1.5.5.x
   vqmver    : 1.1.0
   author    : JNeuhoff
VQModObject::parseMods - Could not resolve path for [admin/controller/common/header.php] (SKIPPED)
VQModObject::parseMods - Could not resolve path for [admin/language/english/common/header.php] (SKIPPED)
VQModObject::parseMods - Could not resolve path for [admin/view/template/common/header.tpl] (SKIPPED)

MOD DETAILS:
   modFile   : /var/www/u8950171/data/www/0-44.ru/vqmod/xml/oc_smsc.xml
   id        : SMSC.RU v2.7
   version   : 1.5.3.1
   vqmver    : 2.1.6
   author    : SMSC.RU
VQModObject::parseMods - Could not resolve path for [admin/controller/sale/order.php] (SKIPPED)

----------------------------------------------------------------------


---------- Date: 2014-02-19 12:07:19 ~ IP : 94.143.246.47 ----------
REQUEST URI : /index.php?route=product/product&amp;product_id=42248
MOD DETAILS:
   modFile   : /var/www/u8950171/data/www/0-44.ru/vqmod/xml/coin-slider.xml
   id        : Coin Slider Module - OpenCart 1.5.3 core file modifications
   version   : 1.5.3
   vqmver    : 2.2.2
   author    : Aleksandr
VQModObject::parseMods - Could not resolve path for [admin/controller/common/header.php] (SKIPPED)
VQModObject::parseMods - Could not resolve path for [admin/view/template/common/header.tpl] (SKIPPED)
MOD DETAILS:
   modFile   : /var/www/u8950171/data/www/0-44.ru/vqmod/xml/export.xml
   id        : Export/Import Tool - OpenCart 1.5.5.x core file modifications
   version   : 1.5.5.x
   vqmver    : 1.1.0
   author    : JNeuhoff
VQModObject::parseMods - Could not resolve path for [admin/controller/common/header.php] (SKIPPED)
VQModObject::parseMods - Could not resolve path for [admin/language/english/common/header.php] (SKIPPED)
VQModObject::parseMods - Could not resolve path for [admin/view/template/common/header.tpl] (SKIPPED)

MOD DETAILS:
   modFile   : /var/www/u8950171/data/www/0-44.ru/vqmod/xml/oc_smsc.xml
   id        : SMSC.RU v2.7
   version   : 1.5.3.1
   vqmver    : 2.1.6
   author    : SMSC.RU
VQModObject::parseMods - Could not resolve path for [admin/controller/sale/order.php] (SKIPPED)

----------------------------------------------------------------------


---------- Date: 2014-02-19 12:07:42 ~ IP : 94.143.246.47 ----------
REQUEST URI : /index.php?route=product/product&amp;product_id=42248
MOD DETAILS:
   modFile   : /var/www/u8950171/data/www/0-44.ru/vqmod/xml/coin-slider.xml
   id        : Coin Slider Module - OpenCart 1.5.3 core file modifications
   version   : 1.5.3
   vqmver    : 2.2.2
   author    : Aleksandr
VQModObject::parseMods - Could not resolve path for [admin/controller/common/header.php] (SKIPPED)
VQModObject::parseMods - Could not resolve path for [admin/view/template/common/header.tpl] (SKIPPED)
MOD DETAILS:
   modFile   : /var/www/u8950171/data/www/0-44.ru/vqmod/xml/export.xml
   id        : Export/Import Tool - OpenCart 1.5.5.x core file modifications
   version   : 1.5.5.x
   vqmver    : 1.1.0
   author    : JNeuhoff
VQModObject::parseMods - Could not resolve path for [admin/controller/common/header.php] (SKIPPED)
VQModObject::parseMods - Could not resolve path for [admin/language/english/common/header.php] (SKIPPED)
VQModObject::parseMods - Could not resolve path for [admin/view/template/common/header.tpl] (SKIPPED)

MOD DETAILS:
   modFile   : /var/www/u8950171/data/www/0-44.ru/vqmod/xml/oc_smsc.xml
   id        : SMSC.RU v2.7
   version   : 1.5.3.1
   vqmver    : 2.1.6
   author    : SMSC.RU
VQModObject::parseMods - Could not resolve path for [admin/controller/sale/order.php] (SKIPPED)

----------------------------------------------------------------------


---------- Date: 2014-02-19 12:08:49 ~ IP : 31.8.81.171 ----------
REQUEST URI : /index.php?route=product/category&amp;path=1_285_335
MOD DETAILS:
   modFile   : /var/www/u8950171/data/www/0-44.ru/vqmod/xml/coin-slider.xml
   id        : Coin Slider Module - OpenCart 1.5.3 core file modifications
   version   : 1.5.3
   vqmver    : 2.2.2
   author    : Aleksandr
VQModObject::parseMods - Could not resolve path for [admin/controller/common/header.php] (SKIPPED)
VQModObject::parseMods - Could not resolve path for [admin/view/template/common/header.tpl] (SKIPPED)
MOD DETAILS:
   modFile   : /var/www/u8950171/data/www/0-44.ru/vqmod/xml/export.xml
   id        : Export/Import Tool - OpenCart 1.5.5.x core file modifications
   version   : 1.5.5.x
   vqmver    : 1.1.0
   author    : JNeuhoff
VQModObject::parseMods - Could not resolve path for [admin/controller/common/header.php] (SKIPPED)
VQModObject::parseMods - Could not resolve path for [admin/language/english/common/header.php] (SKIPPED)
VQModObject::parseMods - Could not resolve path for [admin/view/template/common/header.tpl] (SKIPPED)

MOD DETAILS:
   modFile   : /var/www/u8950171/data/www/0-44.ru/vqmod/xml/oc_smsc.xml
   id        : SMSC.RU v2.7
   version   : 1.5.3.1
   vqmver    : 2.1.6
   author    : SMSC.RU
VQModObject::parseMods - Could not resolve path for [admin/controller/sale/order.php] (SKIPPED)

----------------------------------------------------------------------


---------- Date: 2014-02-19 12:11:38 ~ IP : 94.143.246.47 ----------
REQUEST URI : /index.php?route=product/product&amp;product_id=42248
MOD DETAILS:
   modFile   : /var/www/u8950171/data/www/0-44.ru/vqmod/xml/coin-slider.xml
   id        : Coin Slider Module - OpenCart 1.5.3 core file modifications
   version   : 1.5.3
   vqmver    : 2.2.2
   author    : Aleksandr
VQModObject::parseMods - Could not resolve path for [admin/controller/common/header.php] (SKIPPED)
VQModObject::parseMods - Could not resolve path for [admin/view/template/common/header.tpl] (SKIPPED)
MOD DETAILS:
   modFile   : /var/www/u8950171/data/www/0-44.ru/vqmod/xml/export.xml
   id        : Export/Import Tool - OpenCart 1.5.5.x core file modifications
   version   : 1.5.5.x
   vqmver    : 1.1.0
   author    : JNeuhoff
VQModObject::parseMods - Could not resolve path for [admin/controller/common/header.php] (SKIPPED)
VQModObject::parseMods - Could not resolve path for [admin/language/english/common/header.php] (SKIPPED)
VQModObject::parseMods - Could not resolve path for [admin/view/template/common/header.tpl] (SKIPPED)

MOD DETAILS:
   modFile   : /var/www/u8950171/data/www/0-44.ru/vqmod/xml/oc_smsc.xml
   id        : SMSC.RU v2.7
   version   : 1.5.3.1
   vqmver    : 2.1.6
   author    : SMSC.RU
VQModObject::parseMods - Could not resolve path for [admin/controller/sale/order.php] (SKIPPED)

----------------------------------------------------------------------


---------- Date: 2014-02-19 12:17:27 ~ IP : 94.143.246.47 ----------
REQUEST URI : /index.php?route=product/product&amp;product_id=42248
MOD DETAILS:
   modFile   : /var/www/u8950171/data/www/0-44.ru/vqmod/xml/coin-slider.xml
   id        : Coin Slider Module - OpenCart 1.5.3 core file modifications
   version   : 1.5.3
   vqmver    : 2.2.2
   author    : Aleksandr
VQModObject::parseMods - Could not resolve path for [admin/controller/common/header.php] (SKIPPED)
VQModObject::parseMods - Could not resolve path for [admin/view/template/common/header.tpl] (SKIPPED)
MOD DETAILS:
   modFile   : /var/www/u8950171/data/www/0-44.ru/vqmod/xml/export.xml
   id        : Export/Import Tool - OpenCart 1.5.5.x core file modifications
   version   : 1.5.5.x
   vqmver    : 1.1.0
   author    : JNeuhoff
VQModObject::parseMods - Could not resolve path for [admin/controller/common/header.php] (SKIPPED)
VQModObject::parseMods - Could not resolve path for [admin/language/english/common/header.php] (SKIPPED)
VQModObject::parseMods - Could not resolve path for [admin/view/template/common/header.tpl] (SKIPPED)

MOD DETAILS:
   modFile   : /var/www/u8950171/data/www/0-44.ru/vqmod/xml/oc_smsc.xml
   id        : SMSC.RU v2.7
   version   : 1.5.3.1
   vqmver    : 2.1.6
   author    : SMSC.RU
VQModObject::parseMods - Could not resolve path for [admin/controller/sale/order.php] (SKIPPED)

----------------------------------------------------------------------


---------- Date: 2014-02-19 12:24:30 ~ IP : 94.143.246.47 ----------
REQUEST URI : /index.php?route=product/product&amp;product_id=42248
MOD DETAILS:
   modFile   : /var/www/u8950171/data/www/0-44.ru/vqmod/xml/coin-slider.xml
   id        : Coin Slider Module - OpenCart 1.5.3 core file modifications
   version   : 1.5.3
   vqmver    : 2.2.2
   author    : Aleksandr
VQModObject::parseMods - Could not resolve path for [admin/controller/common/header.php] (SKIPPED)
VQModObject::parseMods - Could not resolve path for [admin/view/template/common/header.tpl] (SKIPPED)
MOD DETAILS:
   modFile   : /var/www/u8950171/data/www/0-44.ru/vqmod/xml/export.xml
   id        : Export/Import Tool - OpenCart 1.5.5.x core file modifications
   version   : 1.5.5.x
   vqmver    : 1.1.0
   author    : JNeuhoff
VQModObject::parseMods - Could not resolve path for [admin/controller/common/header.php] (SKIPPED)
VQModObject::parseMods - Could not resolve path for [admin/language/english/common/header.php] (SKIPPED)
VQModObject::parseMods - Could not resolve path for [admin/view/template/common/header.tpl] (SKIPPED)

MOD DETAILS:
   modFile   : /var/www/u8950171/data/www/0-44.ru/vqmod/xml/oc_smsc.xml
   id        : SMSC.RU v2.7
   version   : 1.5.3.1
   vqmver    : 2.1.6
   author    : SMSC.RU
VQModObject::parseMods - Could not resolve path for [admin/controller/sale/order.php] (SKIPPED)

----------------------------------------------------------------------


---------- Date: 2014-02-19 12:27:16 ~ IP : 94.143.246.47 ----------
REQUEST URI : /index.php?route=product/product&amp;product_id=42248
MOD DETAILS:
   modFile   : /var/www/u8950171/data/www/0-44.ru/vqmod/xml/coin-slider.xml
   id        : Coin Slider Module - OpenCart 1.5.3 core file modifications
   version   : 1.5.3
   vqmver    : 2.2.2
   author    : Aleksandr
VQModObject::parseMods - Could not resolve path for [admin/controller/common/header.php] (SKIPPED)
VQModObject::parseMods - Could not resolve path for [admin/view/template/common/header.tpl] (SKIPPED)
MOD DETAILS:
   modFile   : /var/www/u8950171/data/www/0-44.ru/vqmod/xml/export.xml
   id        : Export/Import Tool - OpenCart 1.5.5.x core file modifications
   version   : 1.5.5.x
   vqmver    : 1.1.0
   author    : JNeuhoff
VQModObject::parseMods - Could not resolve path for [admin/controller/common/header.php] (SKIPPED)
VQModObject::parseMods - Could not resolve path for [admin/language/english/common/header.php] (SKIPPED)
VQModObject::parseMods - Could not resolve path for [admin/view/template/common/header.tpl] (SKIPPED)

MOD DETAILS:
   modFile   : /var/www/u8950171/data/www/0-44.ru/vqmod/xml/oc_smsc.xml
   id        : SMSC.RU v2.7
   version   : 1.5.3.1
   vqmver    : 2.1.6
   author    : SMSC.RU
VQModObject::parseMods - Could not resolve path for [admin/controller/sale/order.php] (SKIPPED)

----------------------------------------------------------------------


---------- Date: 2014-02-19 12:27:57 ~ IP : 94.143.246.47 ----------
REQUEST URI : /index.php?route=product/product&amp;product_id=42248
MOD DETAILS:
   modFile   : /var/www/u8950171/data/www/0-44.ru/vqmod/xml/coin-slider.xml
   id        : Coin Slider Module - OpenCart 1.5.3 core file modifications
   version   : 1.5.3
   vqmver    : 2.2.2
   author    : Aleksandr
VQModObject::parseMods - Could not resolve path for [admin/controller/common/header.php] (SKIPPED)
VQModObject::parseMods - Could not resolve path for [admin/view/template/common/header.tpl] (SKIPPED)
MOD DETAILS:
   modFile   : /var/www/u8950171/data/www/0-44.ru/vqmod/xml/export.xml
   id        : Export/Import Tool - OpenCart 1.5.5.x core file modifications
   version   : 1.5.5.x
   vqmver    : 1.1.0
   author    : JNeuhoff
VQModObject::parseMods - Could not resolve path for [admin/controller/common/header.php] (SKIPPED)
VQModObject::parseMods - Could not resolve path for [admin/language/english/common/header.php] (SKIPPED)
VQModObject::parseMods - Could not resolve path for [admin/view/template/common/header.tpl] (SKIPPED)

MOD DETAILS:
   modFile   : /var/www/u8950171/data/www/0-44.ru/vqmod/xml/oc_smsc.xml
   id        : SMSC.RU v2.7
   version   : 1.5.3.1
   vqmver    : 2.1.6
   author    : SMSC.RU
VQModObject::parseMods - Could not resolve path for [admin/controller/sale/order.php] (SKIPPED)

----------------------------------------------------------------------


---------- Date: 2014-02-19 12:53:16 ~ IP : 94.143.246.47 ----------
REQUEST URI : /index.php?route=checkout/success
MOD DETAILS:
   modFile   : /var/www/u8950171/data/www/0-44.ru/vqmod/xml/coin-slider.xml
   id        : Coin Slider Module - OpenCart 1.5.3 core file modifications
   version   : 1.5.3
   vqmver    : 2.2.2
   author    : Aleksandr
VQModObject::parseMods - Could not resolve path for [admin/controller/common/header.php] (SKIPPED)
VQModObject::parseMods - Could not resolve path for [admin/view/template/common/header.tpl] (SKIPPED)
MOD DETAILS:
   modFile   : /var/www/u8950171/data/www/0-44.ru/vqmod/xml/export.xml
   id        : Export/Import Tool - OpenCart 1.5.5.x core file modifications
   version   : 1.5.5.x
   vqmver    : 1.1.0
   author    : JNeuhoff
VQModObject::parseMods - Could not resolve path for [admin/controller/common/header.php] (SKIPPED)
VQModObject::parseMods - Could not resolve path for [admin/language/english/common/header.php] (SKIPPED)
VQModObject::parseMods - Could not resolve path for [admin/view/template/common/header.tpl] (SKIPPED)

MOD DETAILS:
   modFile   : /var/www/u8950171/data/www/0-44.ru/vqmod/xml/oc_smsc.xml
   id        : SMSC.RU v2.7
   version   : 1.5.3.1
   vqmver    : 2.1.6
   author    : SMSC.RU
VQModObject::parseMods - Could not resolve path for [admin/controller/sale/order.php] (SKIPPED)

----------------------------------------------------------------------


---------- Date: 2014-02-19 13:02:00 ~ IP : 94.143.246.47 ----------
REQUEST URI : /index.php?route=checkout/success
MOD DETAILS:
   modFile   : /var/www/u8950171/data/www/0-44.ru/vqmod/xml/coin-slider.xml
   id        : Coin Slider Module - OpenCart 1.5.3 core file modifications
   version   : 1.5.3
   vqmver    : 2.2.2
   author    : Aleksandr
VQModObject::parseMods - Could not resolve path for [admin/controller/common/header.php] (SKIPPED)
VQModObject::parseMods - Could not resolve path for [admin/view/template/common/header.tpl] (SKIPPED)
MOD DETAILS:
   modFile   : /var/www/u8950171/data/www/0-44.ru/vqmod/xml/export.xml
   id        : Export/Import Tool - OpenCart 1.5.5.x core file modifications
   version   : 1.5.5.x
   vqmver    : 1.1.0
   author    : JNeuhoff
VQModObject::parseMods - Could not resolve path for [admin/controller/common/header.php] (SKIPPED)
VQModObject::parseMods - Could not resolve path for [admin/language/english/common/header.php] (SKIPPED)
VQModObject::parseMods - Could not resolve path for [admin/view/template/common/header.tpl] (SKIPPED)

MOD DETAILS:
   modFile   : /var/www/u8950171/data/www/0-44.ru/vqmod/xml/oc_smsc.xml
   id        : SMSC.RU v2.7
   version   : 1.5.3.1
   vqmver    : 2.1.6
   author    : SMSC.RU
VQModObject::parseMods - Could not resolve path for [admin/controller/sale/order.php] (SKIPPED)

----------------------------------------------------------------------


